<?xml version="1.0" encoding="UTF-8" ?>
<testsuite tests="17" failures="0" name="com.mycompany.nomina.EmployeeTest" time="0.016" errors="0" skipped="0">
  <properties>
[...]
</properties>
  <testcase classname="com.mycompany.nomina.EmployeeTest" name="testGetID" time="0.016"/>
  <testcase classname="com.mycompany.nomina.EmployeeTest" name="testGetName" time="0"/>
  <testcase classname="com.mycompany.nomina.EmployeeTest" name="testGetMaritalStatus" time="0"/>
  <testcase classname="com.mycompany.nomina.EmployeeTest" name="testGetLastname" time="0"/>
  <testcase classname="com.mycompany.nomina.EmployeeTest" name="testCalcAfp" time="0"/>
  <testcase classname="com.mycompany.nomina.EmployeeTest" name="testCalcArs" time="0"/>
  <testcase classname="com.mycompany.nomina.EmployeeTest" name="testCalcIsr" time="0"/>
  <testcase classname="com.mycompany.nomina.EmployeeTest" name="testChangeCedula" time="0"/>
  <testcase classname="com.mycompany.nomina.EmployeeTest" name="testCalcSueldoNeto" time="0"/>
  <testcase classname="com.mycompany.nomina.EmployeeTest" name="testChangeSalary" time="0"/>
  <testcase classname="com.mycompany.nomina.EmployeeTest" name="testChangeStatus" time="0"/>
  <testcase classname="com.mycompany.nomina.EmployeeTest" name="testGetCedula" time="0"/>
  <testcase classname="com.mycompany.nomina.EmployeeTest" name="testChangeLastname" time="0"/>
  <testcase classname="com.mycompany.nomina.EmployeeTest" name="testChangeName" time="0"/>
  <testcase classname="com.mycompany.nomina.EmployeeTest" name="testGetSalary" time="0"/>
  <testcase classname="com.mycompany.nomina.EmployeeTest" name="testChangeMaritalStatus" time="0"/>
  <testcase classname="com.mycompany.nomina.EmployeeTest" name="testGetStatus" time="0"/>
</testsuite>